# JRE version: OpenJDK Runtime Environment (11.0.8+10) (build 11.0.8+10-b944.6842174)
# Java VM: OpenJDK 64-Bit Server VM (11.0.8+10-b944.6842174, mixed mode, tiered, compressed oops, g1 gc, windows-amd64)
Heap:
 garbage-first heap   total 227328K, used 175843K [0x0000000080000000, 0x0000000100000000)
  region size 1024K, 55 young (56320K), 4 survivors (4096K)
 Metaspace       used 91354K, capacity 93687K, committed 93904K, reserved 1130496K
  class space    used 11482K, capacity 12303K, committed 12416K, reserved 1048576K
GC Heap History (20 events):
Event: 318.929 GC heap before
{Heap before GC invocations=56 (full 0):
 garbage-first heap   total 157696K, used 123547K [0x0000000080000000, 0x0000000100000000)
  region size 1024K, 14 young (14336K), 1 survivors (1024K)
 Metaspace       used 90774K, capacity 92965K, committed 93264K, reserved 1130496K
  class space    used 11417K, capacity 12220K, committed 12288K, reserved 1048576K
}
Event: 318.934 GC heap after
{Heap after GC invocations=57 (full 0):
 garbage-first heap   total 157696K, used 112322K [0x0000000080000000, 0x0000000100000000)
  region size 1024K, 2 young (2048K), 2 survivors (2048K)
 Metaspace       used 90774K, capacity 92965K, committed 93264K, reserved 1130496K
  class space    used 11417K, capacity 12220K, committed 12288K, reserved 1048576K
}
Event: 318.999 GC heap before
{Heap before GC invocations=57 (full 0):
 garbage-first heap   total 157696K, used 127682K [0x0000000080000000, 0x0000000100000000)
  region size 1024K, 15 young (15360K), 2 survivors (2048K)
 Metaspace       used 90809K, capacity 93000K, committed 93264K, reserved 1130496K
  class space    used 11421K, capacity 12253K, committed 12288K, reserved 1048576K
}
Event: 319.004 GC heap after
{Heap after GC invocations=58 (full 0):
 garbage-first heap   total 157696K, used 113055K [0x0000000080000000, 0x0000000100000000)
  region size 1024K, 2 young (2048K), 2 survivors (2048K)
 Metaspace       used 90809K, capacity 93000K, committed 93264K, reserved 1130496K
  class space    used 11421K, capacity 12253K, committed 12288K, reserved 1048576K
}
Event: 319.521 GC heap before
{Heap before GC invocations=58 (full 0):
 garbage-first heap   total 157696K, used 126367K [0x0000000080000000, 0x0000000100000000)
  region size 1024K, 15 young (15360K), 2 survivors (2048K)
 Metaspace       used 90859K, capacity 93068K, committed 93264K, reserved 1130496K
  class space    used 11426K, capacity 12254K, committed 12288K, reserved 1048576K
}
Event: 319.523 GC heap after
{Heap after GC invocations=59 (full 0):
 garbage-first heap   total 157696K, used 112656K [0x0000000080000000, 0x0000000100000000)
  region size 1024K, 2 young (2048K), 2 survivors (2048K)
 Metaspace       used 90859K, capacity 93068K, committed 93264K, reserved 1130496K
  class space    used 11426K, capacity 12254K, committed 12288K, reserved 1048576K
}
Event: 319.648 GC heap before
{Heap before GC invocations=59 (full 0):
 garbage-first heap   total 157696K, used 136208K [0x0000000080000000, 0x0000000100000000)
  region size 1024K, 14 young (14336K), 2 survivors (2048K)
 Metaspace       used 90898K, capacity 93132K, committed 93264K, reserved 1130496K
  class space    used 11426K, capacity 12254K, committed 12288K, reserved 1048576K
}
Event: 319.655 GC heap after
{Heap after GC invocations=60 (full 0):
 garbage-first heap   total 157696K, used 122002K [0x0000000080000000, 0x0000000100000000)
  region size 1024K, 2 young (2048K), 2 survivors (2048K)
 Metaspace       used 90898K, capacity 93132K, committed 93264K, reserved 1130496K
  class space    used 11426K, capacity 12254K, committed 12288K, reserved 1048576K
}
Event: 319.764 GC heap before
{Heap before GC invocations=60 (full 0):
 garbage-first heap   total 157696K, used 133266K [0x0000000080000000, 0x0000000100000000)
  region size 1024K, 10 young (10240K), 2 survivors (2048K)
 Metaspace       used 90987K, capacity 93168K, committed 93264K, reserved 1130496K
  class space    used 11435K, capacity 12260K, committed 12288K, reserved 1048576K
}
Event: 319.771 GC heap after
{Heap after GC invocations=61 (full 0):
 garbage-first heap   total 189440K, used 119473K [0x0000000080000000, 0x0000000100000000)
  region size 1024K, 2 young (2048K), 2 survivors (2048K)
 Metaspace       used 90987K, capacity 93168K, committed 93264K, reserved 1130496K
  class space    used 11435K, capacity 12260K, committed 12288K, reserved 1048576K
}
Event: 319.908 GC heap before
{Heap before GC invocations=61 (full 0):
 garbage-first heap   total 189440K, used 143025K [0x0000000080000000, 0x0000000100000000)
  region size 1024K, 26 young (26624K), 2 survivors (2048K)
 Metaspace       used 91001K, capacity 93232K, committed 93264K, reserved 1130496K
  class space    used 11435K, capacity 12260K, committed 12288K, reserved 1048576K
}
Event: 319.911 GC heap after
{Heap after GC invocations=62 (full 0):
 garbage-first heap   total 189440K, used 119962K [0x0000000080000000, 0x0000000100000000)
  region size 1024K, 2 young (2048K), 2 survivors (2048K)
 Metaspace       used 91001K, capacity 93232K, committed 93264K, reserved 1130496K
  class space    used 11435K, capacity 12260K, committed 12288K, reserved 1048576K
}
Event: 320.159 GC heap before
{Heap before GC invocations=63 (full 0):
 garbage-first heap   total 189440K, used 145562K [0x0000000080000000, 0x0000000100000000)
  region size 1024K, 28 young (28672K), 2 survivors (2048K)
 Metaspace       used 91048K, capacity 93296K, committed 93520K, reserved 1130496K
  class space    used 11440K, capacity 12260K, committed 12288K, reserved 1048576K
}
Event: 320.162 GC heap after
{Heap after GC invocations=64 (full 0):
 garbage-first heap   total 189440K, used 120163K [0x0000000080000000, 0x0000000100000000)
  region size 1024K, 2 young (2048K), 2 survivors (2048K)
 Metaspace       used 91048K, capacity 93296K, committed 93520K, reserved 1130496K
  class space    used 11440K, capacity 12260K, committed 12288K, reserved 1048576K
}
Event: 320.368 GC heap before
{Heap before GC invocations=64 (full 0):
 garbage-first heap   total 189440K, used 147811K [0x0000000080000000, 0x0000000100000000)
  region size 1024K, 30 young (30720K), 2 survivors (2048K)
 Metaspace       used 91159K, capacity 93409K, committed 93648K, reserved 1130496K
  class space    used 11460K, capacity 12298K, committed 12416K, reserved 1048576K
}
Event: 320.372 GC heap after
{Heap after GC invocations=65 (full 0):
 garbage-first heap   total 189440K, used 121456K [0x0000000080000000, 0x0000000100000000)
  region size 1024K, 4 young (4096K), 4 survivors (4096K)
 Metaspace       used 91159K, capacity 93409K, committed 93648K, reserved 1130496K
  class space    used 11460K, capacity 12298K, committed 12416K, reserved 1048576K
}
Event: 320.474 GC heap before
{Heap before GC invocations=65 (full 0):
 garbage-first heap   total 189440K, used 150128K [0x0000000080000000, 0x0000000100000000)
  region size 1024K, 33 young (33792K), 4 survivors (4096K)
 Metaspace       used 91159K, capacity 93409K, committed 93648K, reserved 1130496K
  class space    used 11460K, capacity 12298K, committed 12416K, reserved 1048576K
}
Event: 320.479 GC heap after
{Heap after GC invocations=66 (full 0):
 garbage-first heap   total 189440K, used 122453K [0x0000000080000000, 0x0000000100000000)
  region size 1024K, 4 young (4096K), 4 survivors (4096K)
 Metaspace       used 91159K, capacity 93409K, committed 93648K, reserved 1130496K
  class space    used 11460K, capacity 12298K, committed 12416K, reserved 1048576K
}
Event: 320.602 GC heap before
{Heap before GC invocations=66 (full 0):
 garbage-first heap   total 189440K, used 152149K [0x0000000080000000, 0x0000000100000000)
  region size 1024K, 34 young (34816K), 4 survivors (4096K)
 Metaspace       used 91184K, capacity 93411K, committed 93648K, reserved 1130496K
  class space    used 11462K, capacity 12298K, committed 12416K, reserved 1048576K
}
Event: 320.702 GC heap after
{Heap after GC invocations=67 (full 0):
 garbage-first heap   total 227328K, used 123619K [0x0000000080000000, 0x0000000100000000)
  region size 1024K, 4 young (4096K), 4 survivors (4096K)
 Metaspace       used 91184K, capacity 93411K, committed 93648K, reserved 1130496K
  class space    used 11462K, capacity 12298K, committed 12416K, reserved 1048576K
}

